<?xml version="1.0" encoding="UTF-8"?>
<!-- Generated by org.testng.reporters.JUnitXMLReporter -->
<testsuite hostname="DESKTOP-GAEG9SK" ignored="0" name="Default test" tests="3" failures="0" timestamp="24 Sep 2019 18:02:21 GMT" time="41.397" errors="0">
  <testcase name="ClickOnSignUp" time="3.022" classname="com.training.sanity.tests.ComplexTC_MultiUserRegisterAsTeacher"/>
  <testcase name="FillTeacherInfo" time="12.575" classname="com.training.sanity.tests.ComplexTC_MultiUserRegisterAsTeacher"/>
  <testcase name="FillTeacherInfo" time="13.476" classname="com.training.sanity.tests.ComplexTC_MultiUserRegisterAsTeacher"/>
</testsuite> <!-- Default test -->
